1                                                          The SAS System                             15:12 Thursday, April 25, 2019

NOTE: Copyright (c) 2016 by SAS Institute Inc., Cary, NC, USA. 
NOTE: SAS (r) Proprietary Software 9.4 (TS1M5) 
      Licensed to UNIVERSITY OF WISCONSIN MADISON -SFA- T&R, Site 70086601.
NOTE: This session is executing on the X64_SR12R2  platform.



NOTE: Updated analytical products:
      
      SAS/STAT 14.3
      SAS/ETS 14.3
      SAS/OR 14.3
      SAS/IML 14.3
      SAS/QC 14.3

NOTE: Additional host information:

 X64_SR12R2 WIN 6.3.9600  Server

NOTE: SAS initialization used:
      real time           0.59 seconds
      cpu time            0.26 seconds
      
1          libname db odbc noprompt=XXXXXXXXXXXXXXXXXXXXXXXXXXXXXXXXXXXXXX
2          XXXXXXXXXXXXXXXXXXXXXXXXXXXXXXXXXXXXXXXXXX
3          XXXXXXXXXXXXXXXXXXXXXXXXXXXXXXXXXXXXXXXXXXXXXX
4          XXXXXXXXXXXXXXXXXXXXXXXXXXXXXXXXXXXXXXXXXXXXXXXXX schema=dbo;
NOTE: Libref DB was successfully assigned as follows: 
      Engine:        ODBC 
      Physical Name: 
5          
6          data liver(drop = id);
7          	infile "E:\John Li data\hg\0-eqtl_liver_sesn1.txt"
8          	dlm=',' TRUNCOVER DSD firstobs=2;
9          
10         	input id
11         		  gene_id$
12         		  chr$
13         		  bp_hg19
14         		  ori$ mut$ b3$
15         		  distance$
16         		  m1 m2 maf pvalues slope slopese type$ s$ N;
17         run;

NOTE: The infile "E:\John Li data\hg\0-eqtl_liver_sesn1.txt" is:
      Filename=E:\John Li data\hg\0-eqtl_liver_sesn1.txt,
      RECFM=V,LRECL=32767,File Size (bytes)=780760,
      Last Modified=25Apr2019:14:59:11,
      Create Time=25Apr2019:14:59:11

NOTE: Invalid data for slopese in line 1155 76-77.
RULE:     ----+----1----+----2----+----3----+----4----+----5----+----6----+----7----+----8----+----9----+----0                      
1155      "1154","ENSG00000080546.9","6","108883699","A","T","b37",-532323,0,0,0,1,0,NA,"quant",0,415 91
id=1154 gene_id=ENSG0000 chr=6 bp_hg19=108883699 ori=A mut=T b3=b37 distance=-532323 m1=0 m2=0 maf=0 pvalues=1 slope=0 slopese=.
type=quant s=0 N=415 _ERROR_=1 _N_=1154
NOTE: 6348 records were read from the infile "E:\John Li data\hg\0-eqtl_liver_sesn1.txt".
      The minimum record length was 91.
      The maximum record length was 155.
2                                                          The SAS System                             15:12 Thursday, April 25, 2019

NOTE: The data set WORK.LIVER has 6348 observations and 16 variables.
NOTE: DATA statement used (Total process time):
      real time           0.07 seconds
      cpu time            0.04 seconds
      

18         
19         proc datasets library = db;
                                                             Directory

                                                        Libref         DB  
                                                        Engine         ODBC
                                                        Physical Name      
                                                        Schema/Owner   dbo 


                                                                                      DBMS
                                                                              Member  Member
                                         #  Name                              Type    Type

                                         1  BMI_giant_bmi                     DATA    TABLE 
                                         2  BMI_japanese_bmi                  DATA    TABLE 
                                         3  BMI_ukbb_bmi_Neale                DATA    TABLE 
                                         4  Cad_c4d                           DATA    TABLE 
                                         5  Cad_ukbb_Connor_alkesgroup        DATA    TABLE 
                                         6  Cad_ukbb_soft_Nelson_NG           DATA    TABLE 
                                         7  Lipid_Engage_Surakka_NG           DATA    TABLE 
                                         8  Lipid_Exome_Lu_East_Asian_NG      DATA    TABLE 
                                         9  Lipid_GLGC_Exome_Liu_NG           DATA    TABLE 
                                        10  Lipid_GLGC_Willer_NG              DATA    TABLE 
                                        11  Lipid_MVP_Klarin_NG               DATA    TABLE 
                                        12  Lipid_Spracklen_Hum_Mol_Genetics  DATA    TABLE 
                                        13  Lipid_UKBB_lipid_trait_Neale      DATA    TABLE 
                                        14  Lipid_UKBB_statin_usage_Neale     DATA    TABLE 
                                        15  Lipid_prins_SCientific_REPORT     DATA    TABLE 
                                        16  eqtl_liver_sesn1                  DATA    TABLE 
                                        17  hg19                              DATA    TABLE 
                                        18  hg19_snp                          DATA    TABLE 
                                        19  hg38                              DATA    TABLE 
                                        20  hg38_snp                          DATA    TABLE 
                                        21  liver_eqtl_chr6                   DATA    TABLE 
                                        22  muscle_eqtl_chr6                  DATA    TABLE 
                                        23  prostate_eqtl_chr6                DATA    TABLE 
                                        24  sesn1                             DATA    TABLE 
20         	
20       !  append base = db.eqtl_liver_sesn1 data=work.liver;
21         run;

NOTE: Appending WORK.LIVER to DB.eqtl_liver_sesn1.
NOTE: There were 6348 observations read from the data set WORK.LIVER.
NOTE: 6348 observations added.
NOTE: The data set DB.eqtl_liver_sesn1 has . observations and 16 variables.
NOTE: PROCEDURE DATASETS used (Total process time):
      real time           1.14 seconds
      cpu time            0.29 seconds
      

NOTE: SAS Institute Inc., SAS Campus Drive, Cary, NC USA 27513-2414
3                                                          The SAS System                             15:12 Thursday, April 25, 2019

NOTE: The SAS System used:
      real time           1.93 seconds
      cpu time            0.73 seconds
      
