1                                                          The SAS System                            17:31 Wednesday, April 17, 2019

NOTE: Unable to open SASUSER.REGSTRY. WORK.REGSTRY will be opened instead.
NOTE: All registry changes will be lost at the end of the session.

WARNING: Unable to copy SASUSER registry to WORK registry. Because of this, you will not see registry customizations during this 
         session.
NOTE: Unable to open SASUSER.PROFILE. WORK.PROFILE will be opened instead.
NOTE: All profile changes will be lost at the end of the session.
NOTE: Copyright (c) 2016 by SAS Institute Inc., Cary, NC, USA. 
NOTE: SAS (r) Proprietary Software 9.4 (TS1M5) 
      Licensed to UNIVERSITY OF WISCONSIN MADISON -SFA- T&R, Site 70086601.
NOTE: This session is executing on the X64_SR12R2  platform.



NOTE: Updated analytical products:
      
      SAS/STAT 14.3
      SAS/ETS 14.3
      SAS/OR 14.3
      SAS/IML 14.3
      SAS/QC 14.3

NOTE: Additional host information:

 X64_SR12R2 WIN 6.3.9600  Server

NOTE: SAS initialization used:
      real time           0.66 seconds
      cpu time            0.28 seconds
      
1          data hg19_snp;
2          	infile "E:\John Li data\hg\hg19_snp.txt" delimiter='09'x truncover dsd firstobs=2;
3          	input chr$ start end rsid$;
4          
5          	chr = compress(chr,'chr');
6          run;

NOTE: The infile "E:\John Li data\hg\hg19_snp.txt" is:
      Filename=E:\John Li data\hg\hg19_snp.txt,
      RECFM=V,LRECL=32767,
      File Size (bytes)=490231126,
      Last Modified=28Feb2019:17:06:46,
      Create Time=28Feb2019:17:08:18

NOTE: 1595056 records were read from the infile "E:\John Li data\hg\hg19_snp.txt".
      The minimum record length was 25.
      The maximum record length was 36.
ERROR: User asked for termination
NOTE: The SAS System stopped processing this step because of errors.
NOTE: SAS set option OBS=0 and will continue to check statements. This might cause NOTE: No observations in data set.
WARNING: The data set WORK.HG19_SNP may be incomplete.  When this step was stopped there were 1595055 observations and 4 variables.
NOTE: DATA statement used (Total process time):
      real time           3.86 seconds
      cpu time            1.06 seconds
      
7          
8          
9          /*proc sql;*/
2                                                          The SAS System                            17:31 Wednesday, April 17, 2019

10         /*	create table snp as*/
11         /*	select chr, min(start) as start, max(end) as end, rsid*/
12         /*	from hg19_snp*/
13         /*	group by rsid;*/
14         /*quit;*/
15         
16         


17         data data01;
18         	infile "E:\John Li data\hg\data01.txt" delimiter=',' truncover dsd firstobs=2;
19         	input id chr$ bp MAF p_values beta varbeta;
20         run;

NOTE: The data set WORK.DATA01 has 0 observations and 7 variables.
NOTE: DATA statement used (Total process time):
      real time           0.00 seconds
      cpu time            0.01 seconds
      

21         
22         data data02;
23         	infile "E:\John Li data\hg\data02.txt" delimiter=',' truncover dsd firstobs=2;
24         	input id chr$ bp MAF p_values beta varbeta;
25         run;

NOTE: The data set WORK.DATA02 has 0 observations and 7 variables.
NOTE: DATA statement used (Total process time):
      real time           0.00 seconds
      cpu time            0.00 seconds
      

26         
27         data data03;
28         	infile "E:\John Li data\hg\data03.txt" delimiter=',' truncover dsd firstobs=2;
29         	input id chr$ bp MAF p_values beta varbeta;
30         run;

NOTE: The data set WORK.DATA03 has 0 observations and 7 variables.
NOTE: DATA statement used (Total process time):
      real time           0.00 seconds
      cpu time            0.00 seconds
      

31         
32         /*data data01_s;*/
33         /*	set data01(obs=100);*/
34         /*run;*/
35         
36         proc sql;
NOTE: PROC SQL set option NOEXEC and will continue to check the syntax of statements.
37         	create table data01_snp as
38         	select a.id, a.chr, b.start, a.bp, b.end, a.maf, a.p_values, a.beta, a.varbeta, b.rsid
39         	from data01 a
40         	left join hg19_snp b
41         	on a.chr=b.chr and b.start <= a.bp <= b.end
42         	order by id;
NOTE: Statement not executed due to NOEXEC option.
3                                                          The SAS System                            17:31 Wednesday, April 17, 2019

43         quit;
NOTE: The SAS System stopped processing this step because of errors.
NOTE: PROCEDURE SQL used (Total process time):
      real time           0.07 seconds
      cpu time            0.04 seconds
      
44         


45         proc sql;
NOTE: PROC SQL set option NOEXEC and will continue to check the syntax of statements.
46         	create table data02_snp as
47         	select a.chr, b.start, a.bp, b.end, a.maf, a.p_values, a.beta, a.varbeta, b.rsid
48         	from data02 a
49         	left join hg19_snp b
50         	on a.chr=b.chr and b.start <= a.bp <= b.end;
NOTE: Statement not executed due to NOEXEC option.
51         quit;
NOTE: The SAS System stopped processing this step because of errors.
NOTE: PROCEDURE SQL used (Total process time):
      real time           0.00 seconds
      cpu time            0.00 seconds
      
52         


53         proc sql;
NOTE: PROC SQL set option NOEXEC and will continue to check the syntax of statements.
54         	create table data03_snp as
55         	select a.chr, b.start, a.bp, b.end, a.maf, a.p_values, a.beta, a.varbeta, b.rsid
56         	from data03 a
57         	left join hg19_snp b
58         	on a.chr=b.chr and b.start <= a.bp <= b.end;
NOTE: Statement not executed due to NOEXEC option.
59         quit;
NOTE: The SAS System stopped processing this step because of errors.
NOTE: PROCEDURE SQL used (Total process time):
      real time           0.00 seconds
      cpu time            0.00 seconds
      

ERROR: Errors printed on page 1.

NOTE: SAS Institute Inc., SAS Campus Drive, Cary, NC USA 27513-2414
NOTE: The SAS System used:
      real time           4.64 seconds
      cpu time            1.43 seconds
      
